<?xml version="1.0" encoding="UTF-8"?>
<testng-results total="1" passed="1" failed="0" skipped="0">
  <reporter-output>
  </reporter-output>
  <suite started-at="2021-03-16T07:51:01Z" name="Suite" finished-at="2021-03-16T07:51:01Z" duration-ms="27">
    <groups>
    </groups>
    <test started-at="2021-03-16T07:51:01Z" name="Test" finished-at="2021-03-16T07:51:01Z" duration-ms="27">
      <class name="Testngdemo.Parameterdemo">
        <test-method signature="broser(java.lang.String)[pri:0, instance:Testngdemo.Parameterdemo@1e66f1f5]" started-at="2021-03-16T13:21:01Z" name="broser" finished-at="2021-03-16T13:21:01Z" duration-ms="9" status="PASS">
          <params>
            <param index="0">
              <value>
                <![CDATA[chrome]]>
              </value>
            </param>
          </params>
          <reporter-output>
          </reporter-output>
        </test-method> <!-- broser -->
      </class> <!-- Testngdemo.Parameterdemo -->
    </test> <!-- Test -->
  </suite> <!-- Suite -->
</testng-results>
